<?xml version="1.0" encoding="UTF-8"?>
<!-- Generated by org.testng.reporters.JUnitReportReporter -->
<testsuite hostname="vlobanovs-MacBook-Pro.local" name="com.ecofactorqa.StateAPI_Set_Invalid_Heat_Setpoint" tests="12" failures="0" timestamp="16 Jul 2014 04:16:08 GMT" time="12.767" errors="3">
  <testcase name="set_valid_coolsetpoint" time="0.084" classname="com.ecofactorqa.StateAPI_Set_Invalid_Heat_Setpoint"/>
  <testcase name="set_invalid_heatsetpoint_boundarylow" time="0.086" classname="com.ecofactorqa.StateAPI_Set_Invalid_Heat_Setpoint"/>
  <testcase name="set_invalid_heatsetpoint_null" time="1.426" classname="com.ecofactorqa.StateAPI_Set_Invalid_Heat_Setpoint">
    <error type="java.lang.AssertionError" message="Expected status 400. Actual status is :200 expected [true] but found [false]">
      <![CDATA[java.lang.AssertionError: Expected status 400. Actual status is :200 expected [true] but found [false]
	at org.testng.Assert.fail(Assert.java:94)
	at org.testng.Assert.failNotEquals(Assert.java:494)
	at org.testng.Assert.assertTrue(Assert.java:42)
	at com.ecofactorqa.StateAPI_Set_Invalid_Heat_Setpoint.set_invalid_heatsetpoint_null(StateAPI_Set_Invalid_Heat_Setpoint.java:78)
	at sun.reflect.NativeMethodAccessorImpl.invoke0(Native Method)
	at sun.reflect.NativeMethodAccessorImpl.invoke(NativeMethodAccessorImpl.java:57)
	at sun.reflect.DelegatingMethodAccessorImpl.invoke(DelegatingMethodAccessorImpl.java:43)
	at java.lang.reflect.Method.invoke(Method.java:606)
	at org.testng.internal.MethodInvocationHelper.invokeMethod(MethodInvocationHelper.java:84)
	at org.testng.internal.Invoker.invokeMethod(Invoker.java:714)
	at org.testng.internal.Invoker.invokeTestMethod(Invoker.java:901)
	at org.testng.internal.Invoker.invokeTestMethods(Invoker.java:1231)
	at org.testng.internal.TestMethodWorker.invokeTestMethods(TestMethodWorker.java:127)
	at org.testng.internal.TestMethodWorker.run(TestMethodWorker.java:111)
	at org.testng.TestRunner.privateRun(TestRunner.java:767)
	at org.testng.TestRunner.run(TestRunner.java:617)
	at org.testng.SuiteRunner.runTest(SuiteRunner.java:334)
	at org.testng.SuiteRunner.runSequentially(SuiteRunner.java:329)
	at org.testng.SuiteRunner.privateRun(SuiteRunner.java:291)
	at org.testng.SuiteRunner.run(SuiteRunner.java:240)
	at org.testng.SuiteRunnerWorker.runSuite(SuiteRunnerWorker.java:52)
	at org.testng.SuiteRunnerWorker.run(SuiteRunnerWorker.java:86)
	at org.testng.TestNG.runSuitesSequentially(TestNG.java:1224)
	at org.testng.TestNG.runSuitesLocally(TestNG.java:1149)
	at org.testng.TestNG.run(TestNG.java:1057)
	at org.testng.remote.RemoteTestNG.run(RemoteTestNG.java:111)
	at org.testng.remote.RemoteTestNG.initAndRun(RemoteTestNG.java:204)
	at org.testng.remote.RemoteTestNG.main(RemoteTestNG.java:175)
]]>
    </error>
  </testcase> <!-- set_invalid_heatsetpoint_null -->
  <testcase name="set_invalid_heatsetpoint_boundaryhigh" time="0.409" classname="com.ecofactorqa.StateAPI_Set_Invalid_Heat_Setpoint"/>
  <testcase name="set_thermostat_to_heat_mode" time="2.617" classname="com.ecofactorqa.StateAPI_Set_Invalid_Heat_Setpoint"/>
  <testcase name="set_invalid_heatsetpoint_empty" time="0.171" classname="com.ecofactorqa.StateAPI_Set_Invalid_Heat_Setpoint"/>
  <testcase name="set_invalid_heatsetpoint_decimalcomma" time="0.436" classname="com.ecofactorqa.StateAPI_Set_Invalid_Heat_Setpoint"/>
  <testcase name="set_invalid_heatsetpoint_singlequotes" time="1.085" classname="com.ecofactorqa.StateAPI_Set_Invalid_Heat_Setpoint"/>
  <testcase name="set_invalid_heatsetpoint_doublequotes" time="3.381" classname="com.ecofactorqa.StateAPI_Set_Invalid_Heat_Setpoint">
    <error type="java.lang.AssertionError" message="Expected status 400. Actual status is :200 expected [true] but found [false]">
      <![CDATA[java.lang.AssertionError: Expected status 400. Actual status is :200 expected [true] but found [false]
	at org.testng.Assert.fail(Assert.java:94)
	at org.testng.Assert.failNotEquals(Assert.java:494)
	at org.testng.Assert.assertTrue(Assert.java:42)
	at com.ecofactorqa.StateAPI_Set_Invalid_Heat_Setpoint.set_invalid_heatsetpoint_doublequotes(StateAPI_Set_Invalid_Heat_Setpoint.java:133)
	at sun.reflect.NativeMethodAccessorImpl.invoke0(Native Method)
	at sun.reflect.NativeMethodAccessorImpl.invoke(NativeMethodAccessorImpl.java:57)
	at sun.reflect.DelegatingMethodAccessorImpl.invoke(DelegatingMethodAccessorImpl.java:43)
	at java.lang.reflect.Method.invoke(Method.java:606)
	at org.testng.internal.MethodInvocationHelper.invokeMethod(MethodInvocationHelper.java:84)
	at org.testng.internal.Invoker.invokeMethod(Invoker.java:714)
	at org.testng.internal.Invoker.invokeTestMethod(Invoker.java:901)
	at org.testng.internal.Invoker.invokeTestMethods(Invoker.java:1231)
	at org.testng.internal.TestMethodWorker.invokeTestMethods(TestMethodWorker.java:127)
	at org.testng.internal.TestMethodWorker.run(TestMethodWorker.java:111)
	at org.testng.TestRunner.privateRun(TestRunner.java:767)
	at org.testng.TestRunner.run(TestRunner.java:617)
	at org.testng.SuiteRunner.runTest(SuiteRunner.java:334)
	at org.testng.SuiteRunner.runSequentially(SuiteRunner.java:329)
	at org.testng.SuiteRunner.privateRun(SuiteRunner.java:291)
	at org.testng.SuiteRunner.run(SuiteRunner.java:240)
	at org.testng.SuiteRunnerWorker.runSuite(SuiteRunnerWorker.java:52)
	at org.testng.SuiteRunnerWorker.run(SuiteRunnerWorker.java:86)
	at org.testng.TestNG.runSuitesSequentially(TestNG.java:1224)
	at org.testng.TestNG.runSuitesLocally(TestNG.java:1149)
	at org.testng.TestNG.run(TestNG.java:1057)
	at org.testng.remote.RemoteTestNG.run(RemoteTestNG.java:111)
	at org.testng.remote.RemoteTestNG.initAndRun(RemoteTestNG.java:204)
	at org.testng.remote.RemoteTestNG.main(RemoteTestNG.java:175)
]]>
    </error>
  </testcase> <!-- set_invalid_heatsetpoint_doublequotes -->
  <testcase name="Get_thermostat_mode" time="0.094" classname="com.ecofactorqa.StateAPI_Set_Invalid_Heat_Setpoint"/>
  <testcase name="set_invalid_heatsetpoint_zero" time="1.094" classname="com.ecofactorqa.StateAPI_Set_Invalid_Heat_Setpoint"/>
  <testcase name="set_invalid_heatsetpoint_decimaldot" time="1.884" classname="com.ecofactorqa.StateAPI_Set_Invalid_Heat_Setpoint">
    <error type="java.lang.AssertionError" message="Expected status 400. Actual status is :200 expected [true] but found [false]">
      <![CDATA[java.lang.AssertionError: Expected status 400. Actual status is :200 expected [true] but found [false]
	at org.testng.Assert.fail(Assert.java:94)
	at org.testng.Assert.failNotEquals(Assert.java:494)
	at org.testng.Assert.assertTrue(Assert.java:42)
	at com.ecofactorqa.StateAPI_Set_Invalid_Heat_Setpoint.set_invalid_heatsetpoint_decimaldot(StateAPI_Set_Invalid_Heat_Setpoint.java:122)
	at sun.reflect.NativeMethodAccessorImpl.invoke0(Native Method)
	at sun.reflect.NativeMethodAccessorImpl.invoke(NativeMethodAccessorImpl.java:57)
	at sun.reflect.DelegatingMethodAccessorImpl.invoke(DelegatingMethodAccessorImpl.java:43)
	at java.lang.reflect.Method.invoke(Method.java:606)
	at org.testng.internal.MethodInvocationHelper.invokeMethod(MethodInvocationHelper.java:84)
	at org.testng.internal.Invoker.invokeMethod(Invoker.java:714)
	at org.testng.internal.Invoker.invokeTestMethod(Invoker.java:901)
	at org.testng.internal.Invoker.invokeTestMethods(Invoker.java:1231)
	at org.testng.internal.TestMethodWorker.invokeTestMethods(TestMethodWorker.java:127)
	at org.testng.internal.TestMethodWorker.run(TestMethodWorker.java:111)
	at org.testng.TestRunner.privateRun(TestRunner.java:767)
	at org.testng.TestRunner.run(TestRunner.java:617)
	at org.testng.SuiteRunner.runTest(SuiteRunner.java:334)
	at org.testng.SuiteRunner.runSequentially(SuiteRunner.java:329)
	at org.testng.SuiteRunner.privateRun(SuiteRunner.java:291)
	at org.testng.SuiteRunner.run(SuiteRunner.java:240)
	at org.testng.SuiteRunnerWorker.runSuite(SuiteRunnerWorker.java:52)
	at org.testng.SuiteRunnerWorker.run(SuiteRunnerWorker.java:86)
	at org.testng.TestNG.runSuitesSequentially(TestNG.java:1224)
	at org.testng.TestNG.runSuitesLocally(TestNG.java:1149)
	at org.testng.TestNG.run(TestNG.java:1057)
	at org.testng.remote.RemoteTestNG.run(RemoteTestNG.java:111)
	at org.testng.remote.RemoteTestNG.initAndRun(RemoteTestNG.java:204)
	at org.testng.remote.RemoteTestNG.main(RemoteTestNG.java:175)
]]>
    </error>
  </testcase> <!-- set_invalid_heatsetpoint_decimaldot -->
</testsuite> <!-- com.ecofactorqa.StateAPI_Set_Invalid_Heat_Setpoint -->
